<!DOCTYPE html PUBLIC "-//W3C//DTD XHTML 1.1//EN" "https://www.w3.org/TR/xhtml11/DTD/xhtml11.dtd">
<html xmlns="https://www.w3.org/1999/xhtml">
<head>
<meta http-equiv="content-type" content="text/html; charset=UTF-8"/>
<title>TestNG Report</title>
<style type="text/css">table {margin-bottom:10px;border-collapse:collapse;empty-cells:show}th,td {border:1px solid #009;padding:.25em .5em}th {vertical-align:bottom}td {vertical-align:top}table a {font-weight:bold}.stripe td {background-color: #E6EBF9}.num {text-align:right}.passedodd td {background-color: #3F3}.passedeven td {background-color: #0A0}.skippedodd td {background-color: #DDD}.skippedeven td {background-color: #CCC}.failedodd td,.attn {background-color: #F33}.failedeven td,.stripe .attn {background-color: #D00}.stacktrace {white-space:pre;font-family:monospace}.totop {font-size:85%;text-align:center;border-bottom:2px solid #000}.invisible {display:none}</style>
</head>
<body>
<table>
<tr><th>Test</th><th># Passed</th><th># Skipped</th><th># Retried</th><th># Failed</th><th>Time (ms)</th><th>Included Groups</th><th>Excluded Groups</th></tr>
<tr><th colspan="8">AmazonTestSuite</th></tr>
<tr><td><a href="#t0">LoginAndSearchTest_Chrome</a></td><td class="num">10</td><td class="num">0</td><td class="num">0</td><td class="num attn">3</td><td class="num">131,447</td><td></td><td></td></tr>
</table>
<table id='summary'><thead><tr><th>Class</th><th>Method</th><th>Start</th><th>Time (ms)</th></tr></thead><tbody><tr><th colspan="4">AmazonTestSuite</th></tr></tbody><tbody id="t0"><tr><th colspan="4">LoginAndSearchTest_Chrome &#8212; failed</th></tr><tr class="failedeven"><td rowspan="3">tests.CartTest</td><td><a href="#m0">buyProducts</a></td><td rowspan="1">1757913618221</td><td rowspan="1">20275</td></tr><tr class="failedeven"><td><a href="#m1">deleteFromCart</a></td><td rowspan="1">1757913608140</td><td rowspan="1">10076</td></tr><tr class="failedeven"><td><a href="#m2">placeOrder</a></td><td rowspan="1">1757913638502</td><td rowspan="1">10182</td></tr><tr><th colspan="4">LoginAndSearchTest_Chrome &#8212; passed</th></tr><tr class="passedeven"><td rowspan="2">tests.CartTest</td><td><a href="#m3">cartAddTest</a></td><td rowspan="1">1757913564574</td><td rowspan="1">32955</td></tr><tr class="passedeven"><td><a href="#m4">modifyQuantity</a></td><td rowspan="1">1757913597532</td><td rowspan="1">10606</td></tr><tr class="passedodd"><td rowspan="3">tests.LoginTest</td><td><a href="#m5">invalidLoginTest</a></td><td rowspan="1">1757913526213</td><td rowspan="1">5694</td></tr><tr class="passedodd"><td><a href="#m6">validLoginTest</a></td><td rowspan="1">1757913531908</td><td rowspan="1">15225</td></tr><tr class="passedodd"><td><a href="#m7">verifyLoginTest</a></td><td rowspan="1">1757913523080</td><td rowspan="1">3123</td></tr><tr class="passedeven"><td rowspan="5">tests.SearchTest</td><td><a href="#m8">testApplyFilters</a></td><td rowspan="1">1757913553622</td><td rowspan="1">1428</td></tr><tr class="passedeven"><td><a href="#m9">testBlankSearch</a></td><td rowspan="1">1757913547149</td><td rowspan="1">2367</td></tr><tr class="passedeven"><td><a href="#m10">testSearchProduct</a></td><td rowspan="1">1757913549518</td><td rowspan="1">4101</td></tr><tr class="passedeven"><td><a href="#m11">testSortLowToHigh</a></td><td rowspan="1">1757913555054</td><td rowspan="1">1309</td></tr><tr class="passedeven"><td><a href="#m12">testViewProductDetails</a></td><td rowspan="1">1757913556365</td><td rowspan="1">8198</td></tr></tbody>
</table>
<h2>LoginAndSearchTest_Chrome</h2><h3 id="m0">tests.CartTest#buyProducts</h3><table class="result"><tr><th>Exception</th></tr><tr><td><div class="stacktrace">java.lang.AssertionError: ❌ Address does not match expected! expected [true] but found [false]
	at tests.CartTest.buyProducts(CartTest.java:50)
	at java.base/java.util.ArrayList.forEach(ArrayList.java:1596)
	at java.base/java.util.concurrent.FutureTask.run(FutureTask.java:317)
	at java.base/java.util.concurrent.ThreadPoolExecutor.runWorker(ThreadPoolExecutor.java:1144)
	at java.base/java.util.concurrent.ThreadPoolExecutor$Worker.run(ThreadPoolExecutor.java:642)
	at java.base/java.lang.Thread.run(Thread.java:1583)
... Removed 18 stack frames</div></td></tr></table><p class="totop"><a href="#summary">back to summary</a></p>
<h3 id="m1">tests.CartTest#deleteFromCart</h3><table class="result"><tr><th>Exception</th></tr><tr><td><div class="stacktrace">java.lang.AssertionError: ❌ Product removal message not shown! expected [true] but found [false]
	at tests.CartTest.deleteFromCart(CartTest.java:40)
	at java.base/java.util.ArrayList.forEach(ArrayList.java:1596)
	at java.base/java.util.concurrent.FutureTask.run(FutureTask.java:317)
	at java.base/java.util.concurrent.ThreadPoolExecutor.runWorker(ThreadPoolExecutor.java:1144)
	at java.base/java.util.concurrent.ThreadPoolExecutor$Worker.run(ThreadPoolExecutor.java:642)
	at java.base/java.lang.Thread.run(Thread.java:1583)
... Removed 18 stack frames</div></td></tr></table><p class="totop"><a href="#summary">back to summary</a></p>
<h3 id="m2">tests.CartTest#placeOrder</h3><table class="result"><tr><th>Exception</th></tr><tr><td><div class="stacktrace">java.lang.AssertionError: ❌ Cannot place order! expected [true] but found [false]
	at tests.CartTest.placeOrder(CartTest.java:57)
	at java.base/java.util.ArrayList.forEach(ArrayList.java:1596)
	at java.base/java.util.concurrent.FutureTask.run(FutureTask.java:317)
	at java.base/java.util.concurrent.ThreadPoolExecutor.runWorker(ThreadPoolExecutor.java:1144)
	at java.base/java.util.concurrent.ThreadPoolExecutor$Worker.run(ThreadPoolExecutor.java:642)
	at java.base/java.lang.Thread.run(Thread.java:1583)
... Removed 18 stack frames</div></td></tr></table><p class="totop"><a href="#summary">back to summary</a></p>
<h3 id="m3">tests.CartTest#cartAddTest</h3><table class="result"><tr><th class="invisible"/></tr></table><p class="totop"><a href="#summary">back to summary</a></p>
<h3 id="m4">tests.CartTest#modifyQuantity</h3><table class="result"><tr><th class="invisible"/></tr></table><p class="totop"><a href="#summary">back to summary</a></p>
<h3 id="m5">tests.LoginTest#invalidLoginTest</h3><table class="result"><tr><th class="invisible"/></tr></table><p class="totop"><a href="#summary">back to summary</a></p>
<h3 id="m6">tests.LoginTest#validLoginTest</h3><table class="result"><tr><th class="invisible"/></tr></table><p class="totop"><a href="#summary">back to summary</a></p>
<h3 id="m7">tests.LoginTest#verifyLoginTest</h3><table class="result"><tr><th class="invisible"/></tr></table><p class="totop"><a href="#summary">back to summary</a></p>
<h3 id="m8">tests.SearchTest#testApplyFilters</h3><table class="result"><tr><th class="invisible"/></tr></table><p class="totop"><a href="#summary">back to summary</a></p>
<h3 id="m9">tests.SearchTest#testBlankSearch</h3><table class="result"><tr><th class="invisible"/></tr></table><p class="totop"><a href="#summary">back to summary</a></p>
<h3 id="m10">tests.SearchTest#testSearchProduct</h3><table class="result"><tr><th class="invisible"/></tr></table><p class="totop"><a href="#summary">back to summary</a></p>
<h3 id="m11">tests.SearchTest#testSortLowToHigh</h3><table class="result"><tr><th class="invisible"/></tr></table><p class="totop"><a href="#summary">back to summary</a></p>
<h3 id="m12">tests.SearchTest#testViewProductDetails</h3><table class="result"><tr><th class="invisible"/></tr></table><p class="totop"><a href="#summary">back to summary</a></p>
</body>
</html>
