<?xml version="1.0" encoding="UTF-8"?>
<testng-results ignored="0" total="13" passed="10" failed="3" skipped="0">
  <reporter-output>
  </reporter-output>
  <suite started-at="2025-09-15T10:48:37 IST" name="AmazonTestSuite" finished-at="2025-09-15T10:50:48 IST" duration-ms="131447">
    <groups>
      <group name="search">
        <method signature="SearchTest.testBlankSearch()[pri:1, instance:tests.SearchTest@2cd76f31]" name="testBlankSearch" class="tests.SearchTest"/>
        <method signature="SearchTest.testSearchProduct()[pri:2, instance:tests.SearchTest@2cd76f31]" name="testSearchProduct" class="tests.SearchTest"/>
        <method signature="SearchTest.testApplyFilters()[pri:3, instance:tests.SearchTest@2cd76f31]" name="testApplyFilters" class="tests.SearchTest"/>
        <method signature="SearchTest.testSortLowToHigh()[pri:4, instance:tests.SearchTest@2cd76f31]" name="testSortLowToHigh" class="tests.SearchTest"/>
        <method signature="SearchTest.testViewProductDetails()[pri:5, instance:tests.SearchTest@2cd76f31]" name="testViewProductDetails" class="tests.SearchTest"/>
      </group> <!-- search -->
      <group name="login">
        <method signature="LoginTest.verifyLoginTest()[pri:1, instance:tests.LoginTest@4e08711f]" name="verifyLoginTest" class="tests.LoginTest"/>
        <method signature="LoginTest.invalidLoginTest()[pri:2, instance:tests.LoginTest@4e08711f]" name="invalidLoginTest" class="tests.LoginTest"/>
        <method signature="LoginTest.validLoginTest()[pri:3, instance:tests.LoginTest@4e08711f]" name="validLoginTest" class="tests.LoginTest"/>
      </group> <!-- login -->
      <group name="cart">
        <method signature="CartTest.cartAddTest()[pri:1, instance:tests.CartTest@367ffa75]" name="cartAddTest" class="tests.CartTest"/>
        <method signature="CartTest.modifyQuantity()[pri:2, instance:tests.CartTest@367ffa75]" name="modifyQuantity" class="tests.CartTest"/>
        <method signature="CartTest.deleteFromCart()[pri:3, instance:tests.CartTest@367ffa75]" name="deleteFromCart" class="tests.CartTest"/>
        <method signature="CartTest.buyProducts()[pri:4, instance:tests.CartTest@367ffa75]" name="buyProducts" class="tests.CartTest"/>
        <method signature="CartTest.placeOrder()[pri:5, instance:tests.CartTest@367ffa75]" name="placeOrder" class="tests.CartTest"/>
      </group> <!-- cart -->
    </groups>
    <test started-at="2025-09-15T10:48:37 IST" name="LoginAndSearchTest_Chrome" finished-at="2025-09-15T10:50:48 IST" duration-ms="131447">
      <class name="tests.LoginTest">
        <test-method is-config="true" signature="setDriver(java.lang.String)[pri:0, instance:tests.LoginTest@4e08711f]" started-at="2025-09-15T10:48:37 IST" name="setDriver" finished-at="2025-09-15T10:48:43 IST" duration-ms="5788" status="PASS">
          <params>
            <param index="0">
              <value>
                <![CDATA[chrome]]>
              </value>
            </param>
          </params>
          <reporter-output>
          </reporter-output>
        </test-method> <!-- setDriver -->
        <test-method signature="verifyLoginTest()[pri:1, instance:tests.LoginTest@4e08711f]" started-at="2025-09-15T10:48:43 IST" name="verifyLoginTest" finished-at="2025-09-15T10:48:46 IST" duration-ms="3123" status="PASS">
          <reporter-output>
          </reporter-output>
        </test-method> <!-- verifyLoginTest -->
        <test-method signature="invalidLoginTest()[pri:2, instance:tests.LoginTest@4e08711f]" started-at="2025-09-15T10:48:46 IST" name="invalidLoginTest" finished-at="2025-09-15T10:48:51 IST" duration-ms="5694" status="PASS">
          <reporter-output>
          </reporter-output>
        </test-method> <!-- invalidLoginTest -->
        <test-method signature="validLoginTest()[pri:3, instance:tests.LoginTest@4e08711f]" started-at="2025-09-15T10:48:51 IST" name="validLoginTest" finished-at="2025-09-15T10:49:07 IST" duration-ms="15225" status="PASS">
          <reporter-output>
          </reporter-output>
        </test-method> <!-- validLoginTest -->
      </class> <!-- tests.LoginTest -->
      <class name="tests.CartTest">
        <test-method is-config="true" signature="setDriver(java.lang.String)[pri:0, instance:tests.CartTest@367ffa75]" started-at="2025-09-15T10:49:24 IST" name="setDriver" finished-at="2025-09-15T10:49:24 IST" duration-ms="7" status="PASS">
          <params>
            <param index="0">
              <value>
                <![CDATA[chrome]]>
              </value>
            </param>
          </params>
          <reporter-output>
          </reporter-output>
        </test-method> <!-- setDriver -->
        <test-method signature="cartAddTest()[pri:1, instance:tests.CartTest@367ffa75]" started-at="2025-09-15T10:49:24 IST" name="cartAddTest" depends-on-groups="search" finished-at="2025-09-15T10:49:57 IST" duration-ms="32955" status="PASS">
          <reporter-output>
          </reporter-output>
        </test-method> <!-- cartAddTest -->
        <test-method signature="modifyQuantity()[pri:2, instance:tests.CartTest@367ffa75]" started-at="2025-09-15T10:49:57 IST" name="modifyQuantity" depends-on-groups="search" finished-at="2025-09-15T10:50:08 IST" duration-ms="10606" status="PASS">
          <reporter-output>
          </reporter-output>
        </test-method> <!-- modifyQuantity -->
        <test-method signature="deleteFromCart()[pri:3, instance:tests.CartTest@367ffa75]" started-at="2025-09-15T10:50:08 IST" name="deleteFromCart" depends-on-groups="search" finished-at="2025-09-15T10:50:18 IST" duration-ms="10076" status="FAIL">
          <exception class="java.lang.AssertionError">
            <message>
              <![CDATA[❌ Product removal message not shown! expected [true] but found [false]]]>
            </message>
            <full-stacktrace>
              <![CDATA[java.lang.AssertionError: ❌ Product removal message not shown! expected [true] but found [false]
at org.testng.Assert.fail(Assert.java:111)
at org.testng.Assert.failNotEquals(Assert.java:1578)
at org.testng.Assert.assertTrue(Assert.java:57)
at tests.CartTest.deleteFromCart(CartTest.java:40)
at java.base/jdk.internal.reflect.DirectMethodHandleAccessor.invoke(DirectMethodHandleAccessor.java:103)
at java.base/java.lang.reflect.Method.invoke(Method.java:580)
at org.testng.internal.invokers.MethodInvocationHelper.invokeMethod(MethodInvocationHelper.java:141)
at org.testng.internal.invokers.TestInvoker.invokeMethod(TestInvoker.java:686)
at org.testng.internal.invokers.TestInvoker.invokeTestMethod(TestInvoker.java:230)
at org.testng.internal.invokers.MethodRunner.runInSequence(MethodRunner.java:63)
at org.testng.internal.invokers.TestInvoker$MethodInvocationAgent.invoke(TestInvoker.java:992)
at org.testng.internal.invokers.TestInvoker.invokeTestMethods(TestInvoker.java:203)
at org.testng.internal.invokers.TestMethodWorker.invokeTestMethods(TestMethodWorker.java:154)
at org.testng.internal.invokers.TestMethodWorker.run(TestMethodWorker.java:134)
at java.base/java.util.ArrayList.forEach(ArrayList.java:1596)
at org.testng.TestRunner.privateRun(TestRunner.java:739)
at org.testng.TestRunner.run(TestRunner.java:614)
at org.testng.SuiteRunner.runTest(SuiteRunner.java:421)
at org.testng.SuiteRunner$SuiteWorker.run(SuiteRunner.java:463)
at org.testng.internal.thread.ThreadUtil.lambda$execute$0(ThreadUtil.java:64)
at java.base/java.util.concurrent.FutureTask.run(FutureTask.java:317)
at java.base/java.util.concurrent.ThreadPoolExecutor.runWorker(ThreadPoolExecutor.java:1144)
at java.base/java.util.concurrent.ThreadPoolExecutor$Worker.run(ThreadPoolExecutor.java:642)
at java.base/java.lang.Thread.run(Thread.java:1583)
]]>
            </full-stacktrace>
          </exception> <!-- java.lang.AssertionError -->
          <reporter-output>
          </reporter-output>
        </test-method> <!-- deleteFromCart -->
        <test-method signature="buyProducts()[pri:4, instance:tests.CartTest@367ffa75]" started-at="2025-09-15T10:50:18 IST" name="buyProducts" depends-on-groups="search" finished-at="2025-09-15T10:50:38 IST" duration-ms="20275" status="FAIL">
          <exception class="java.lang.AssertionError">
            <message>
              <![CDATA[❌ Address does not match expected! expected [true] but found [false]]]>
            </message>
            <full-stacktrace>
              <![CDATA[java.lang.AssertionError: ❌ Address does not match expected! expected [true] but found [false]
at org.testng.Assert.fail(Assert.java:111)
at org.testng.Assert.failNotEquals(Assert.java:1578)
at org.testng.Assert.assertTrue(Assert.java:57)
at tests.CartTest.buyProducts(CartTest.java:50)
at java.base/jdk.internal.reflect.DirectMethodHandleAccessor.invoke(DirectMethodHandleAccessor.java:103)
at java.base/java.lang.reflect.Method.invoke(Method.java:580)
at org.testng.internal.invokers.MethodInvocationHelper.invokeMethod(MethodInvocationHelper.java:141)
at org.testng.internal.invokers.TestInvoker.invokeMethod(TestInvoker.java:686)
at org.testng.internal.invokers.TestInvoker.invokeTestMethod(TestInvoker.java:230)
at org.testng.internal.invokers.MethodRunner.runInSequence(MethodRunner.java:63)
at org.testng.internal.invokers.TestInvoker$MethodInvocationAgent.invoke(TestInvoker.java:992)
at org.testng.internal.invokers.TestInvoker.invokeTestMethods(TestInvoker.java:203)
at org.testng.internal.invokers.TestMethodWorker.invokeTestMethods(TestMethodWorker.java:154)
at org.testng.internal.invokers.TestMethodWorker.run(TestMethodWorker.java:134)
at java.base/java.util.ArrayList.forEach(ArrayList.java:1596)
at org.testng.TestRunner.privateRun(TestRunner.java:739)
at org.testng.TestRunner.run(TestRunner.java:614)
at org.testng.SuiteRunner.runTest(SuiteRunner.java:421)
at org.testng.SuiteRunner$SuiteWorker.run(SuiteRunner.java:463)
at org.testng.internal.thread.ThreadUtil.lambda$execute$0(ThreadUtil.java:64)
at java.base/java.util.concurrent.FutureTask.run(FutureTask.java:317)
at java.base/java.util.concurrent.ThreadPoolExecutor.runWorker(ThreadPoolExecutor.java:1144)
at java.base/java.util.concurrent.ThreadPoolExecutor$Worker.run(ThreadPoolExecutor.java:642)
at java.base/java.lang.Thread.run(Thread.java:1583)
]]>
            </full-stacktrace>
          </exception> <!-- java.lang.AssertionError -->
          <reporter-output>
          </reporter-output>
        </test-method> <!-- buyProducts -->
        <test-method signature="placeOrder()[pri:5, instance:tests.CartTest@367ffa75]" started-at="2025-09-15T10:50:38 IST" name="placeOrder" depends-on-groups="search" finished-at="2025-09-15T10:50:48 IST" duration-ms="10182" status="FAIL">
          <exception class="java.lang.AssertionError">
            <message>
              <![CDATA[❌ Cannot place order! expected [true] but found [false]]]>
            </message>
            <full-stacktrace>
              <![CDATA[java.lang.AssertionError: ❌ Cannot place order! expected [true] but found [false]
at org.testng.Assert.fail(Assert.java:111)
at org.testng.Assert.failNotEquals(Assert.java:1578)
at org.testng.Assert.assertTrue(Assert.java:57)
at tests.CartTest.placeOrder(CartTest.java:57)
at java.base/jdk.internal.reflect.DirectMethodHandleAccessor.invoke(DirectMethodHandleAccessor.java:103)
at java.base/java.lang.reflect.Method.invoke(Method.java:580)
at org.testng.internal.invokers.MethodInvocationHelper.invokeMethod(MethodInvocationHelper.java:141)
at org.testng.internal.invokers.TestInvoker.invokeMethod(TestInvoker.java:686)
at org.testng.internal.invokers.TestInvoker.invokeTestMethod(TestInvoker.java:230)
at org.testng.internal.invokers.MethodRunner.runInSequence(MethodRunner.java:63)
at org.testng.internal.invokers.TestInvoker$MethodInvocationAgent.invoke(TestInvoker.java:992)
at org.testng.internal.invokers.TestInvoker.invokeTestMethods(TestInvoker.java:203)
at org.testng.internal.invokers.TestMethodWorker.invokeTestMethods(TestMethodWorker.java:154)
at org.testng.internal.invokers.TestMethodWorker.run(TestMethodWorker.java:134)
at java.base/java.util.ArrayList.forEach(ArrayList.java:1596)
at org.testng.TestRunner.privateRun(TestRunner.java:739)
at org.testng.TestRunner.run(TestRunner.java:614)
at org.testng.SuiteRunner.runTest(SuiteRunner.java:421)
at org.testng.SuiteRunner$SuiteWorker.run(SuiteRunner.java:463)
at org.testng.internal.thread.ThreadUtil.lambda$execute$0(ThreadUtil.java:64)
at java.base/java.util.concurrent.FutureTask.run(FutureTask.java:317)
at java.base/java.util.concurrent.ThreadPoolExecutor.runWorker(ThreadPoolExecutor.java:1144)
at java.base/java.util.concurrent.ThreadPoolExecutor$Worker.run(ThreadPoolExecutor.java:642)
at java.base/java.lang.Thread.run(Thread.java:1583)
]]>
            </full-stacktrace>
          </exception> <!-- java.lang.AssertionError -->
          <reporter-output>
          </reporter-output>
        </test-method> <!-- placeOrder -->
      </class> <!-- tests.CartTest -->
      <class name="tests.SearchTest">
        <test-method is-config="true" signature="setup(java.lang.String)[pri:0, instance:tests.SearchTest@2cd76f31]" started-at="2025-09-15T10:49:07 IST" name="setup" finished-at="2025-09-15T10:49:07 IST" duration-ms="3" status="PASS">
          <params>
            <param index="0">
              <value>
                <![CDATA[chrome]]>
              </value>
            </param>
          </params>
          <reporter-output>
          </reporter-output>
        </test-method> <!-- setup -->
        <test-method signature="testBlankSearch()[pri:1, instance:tests.SearchTest@2cd76f31]" started-at="2025-09-15T10:49:07 IST" name="testBlankSearch" depends-on-groups="login" finished-at="2025-09-15T10:49:09 IST" duration-ms="2367" status="PASS">
          <reporter-output>
          </reporter-output>
        </test-method> <!-- testBlankSearch -->
        <test-method signature="testSearchProduct()[pri:2, instance:tests.SearchTest@2cd76f31]" started-at="2025-09-15T10:49:09 IST" name="testSearchProduct" depends-on-groups="login" finished-at="2025-09-15T10:49:13 IST" duration-ms="4101" status="PASS">
          <reporter-output>
          </reporter-output>
        </test-method> <!-- testSearchProduct -->
        <test-method signature="testApplyFilters()[pri:3, instance:tests.SearchTest@2cd76f31]" started-at="2025-09-15T10:49:13 IST" name="testApplyFilters" depends-on-groups="login" finished-at="2025-09-15T10:49:15 IST" duration-ms="1428" status="PASS">
          <reporter-output>
          </reporter-output>
        </test-method> <!-- testApplyFilters -->
        <test-method signature="testSortLowToHigh()[pri:4, instance:tests.SearchTest@2cd76f31]" started-at="2025-09-15T10:49:15 IST" name="testSortLowToHigh" depends-on-groups="login" finished-at="2025-09-15T10:49:16 IST" duration-ms="1309" status="PASS">
          <reporter-output>
          </reporter-output>
        </test-method> <!-- testSortLowToHigh -->
        <test-method signature="testViewProductDetails()[pri:5, instance:tests.SearchTest@2cd76f31]" started-at="2025-09-15T10:49:16 IST" name="testViewProductDetails" depends-on-groups="login" finished-at="2025-09-15T10:49:24 IST" duration-ms="8198" status="PASS">
          <reporter-output>
          </reporter-output>
        </test-method> <!-- testViewProductDetails -->
      </class> <!-- tests.SearchTest -->
    </test> <!-- LoginAndSearchTest_Chrome -->
  </suite> <!-- AmazonTestSuite -->
</testng-results>
